<?xml version="1.0" encoding="UTF-8"?>
<testng-results skipped="0" failed="0" ignored="0" total="1" passed="1">
  <reporter-output>
  </reporter-output>
  <suite name="Default suite" duration-ms="15416" started-at="2018-06-30T15:51:38Z" finished-at="2018-06-30T15:51:54Z">
    <groups>
    </groups>
    <test name="Default test" duration-ms="15416" started-at="2018-06-30T15:51:38Z" finished-at="2018-06-30T15:51:54Z">
      <class name="com.amazon.AmazonTask">
        <test-method status="PASS" signature="setUp()[pri:0, instance:com.amazon.AmazonTask@4883b407]" name="setUp" is-config="true" duration-ms="6525" started-at="2018-06-30T15:51:38Z" finished-at="2018-06-30T15:51:45Z">
          <reporter-output>
          </reporter-output>
        </test-method> <!-- setUp -->
        <test-method status="PASS" signature="getAllProductsV1()[pri:0, instance:com.amazon.AmazonTask@4883b407]" name="getAllProductsV1" duration-ms="8830" started-at="2018-06-30T15:51:45Z" finished-at="2018-06-30T15:51:54Z">
          <reporter-output>
          </reporter-output>
        </test-method> <!-- getAllProductsV1 -->
        <test-method status="PASS" signature="tearDown()[pri:0, instance:com.amazon.AmazonTask@4883b407]" name="tearDown" is-config="true" duration-ms="0" started-at="2018-06-30T15:51:54Z" finished-at="2018-06-30T15:51:54Z">
          <reporter-output>
          </reporter-output>
        </test-method> <!-- tearDown -->
      </class> <!-- com.amazon.AmazonTask -->
    </test> <!-- Default test -->
  </suite> <!-- Default suite -->
</testng-results>
